<?xml version="1.0" encoding="UTF-8"?>
<testng-results ignored="0" total="1" passed="1" failed="0" skipped="0">
  <reporter-output>
  </reporter-output>
  <suite started-at="2023-12-13T00:56:03 IST" name="OrangeHRMSanity" finished-at="2023-12-13T00:56:06 IST" duration-ms="3469">
    <groups>
    </groups>
    <test started-at="2023-12-13T00:56:03 IST" name="HomeTest" finished-at="2023-12-13T00:56:06 IST" duration-ms="3469">
      <class name="com.DWEBPages.Sanity.tests.HomeTest">
        <test-method is-config="true" signature="setUp(java.lang.String)[pri:0, instance:com.DWEBPages.Sanity.tests.HomeTest@a38c7fe]" started-at="2023-12-13T00:56:00 IST" name="setUp" finished-at="2023-12-13T00:56:03 IST" duration-ms="3003" status="PASS">
          <params>
            <param index="0">
              <value>
                <![CDATA[Chrome]]>
              </value>
            </param>
          </params>
          <reporter-output>
          </reporter-output>
        </test-method> <!-- setUp -->
        <test-method is-config="true" signature="closeChildWindowsIfAny()[pri:0, instance:com.DWEBPages.Sanity.tests.HomeTest@a38c7fe]" started-at="2023-12-13T00:56:03 IST" name="closeChildWindowsIfAny" finished-at="2023-12-13T00:56:03 IST" duration-ms="14" status="PASS">
          <reporter-output>
          </reporter-output>
        </test-method> <!-- closeChildWindowsIfAny -->
        <test-method signature="validatingHomPage()[pri:1, instance:com.DWEBPages.Sanity.tests.HomeTest@a38c7fe]" started-at="2023-12-13T00:56:03 IST" name="validatingHomPage" finished-at="2023-12-13T00:56:06 IST" duration-ms="3429" status="PASS">
          <reporter-output>
          </reporter-output>
        </test-method> <!-- validatingHomPage -->
        <test-method is-config="true" signature="getResult(org.testng.ITestResult)[pri:0, instance:com.DWEBPages.Sanity.tests.HomeTest@a38c7fe]" started-at="2023-12-13T00:56:06 IST" name="getResult" finished-at="2023-12-13T00:56:06 IST" duration-ms="2" status="PASS">
          <params>
            <param index="0">
              <value>
                <![CDATA[[TestResult name=validatingHomPage status=SUCCESS method=HomeTest.validatingHomPage()[pri:1, instance:com.DWEBPages.Sanity.tests.HomeTest@a38c7fe] output={null}]]]>
              </value>
            </param>
          </params>
          <reporter-output>
          </reporter-output>
        </test-method> <!-- getResult -->
        <test-method is-config="true" signature="tearDown()[pri:0, instance:com.DWEBPages.Sanity.tests.HomeTest@a38c7fe]" started-at="2023-12-13T00:56:07 IST" name="tearDown" finished-at="2023-12-13T00:56:07 IST" duration-ms="335" status="PASS">
          <reporter-output>
          </reporter-output>
        </test-method> <!-- tearDown -->
      </class> <!-- com.DWEBPages.Sanity.tests.HomeTest -->
    </test> <!-- HomeTest -->
  </suite> <!-- OrangeHRMSanity -->
</testng-results>
